Test log Fri Oct 31 11:39:50 PM CET 2025
2025-10-31 23:45:21 – Process check started
bash: /home/kali/solas-automation/tasks/run_all.sh: No such file or directory
2025-10-31 23:47:54 – Process check started
Internet OK
2025-10-31 23:55:21 – Process check started
Internet OK
2025-10-31 23:57:54 – Process check started
Internet OK
2025-11-01 00:05:21 – Process check started
Internet OK
2025-11-01 00:07:54 – Process check started
Internet OK
2025-11-01 00:15:21 – Process check started
Internet OK
2025-11-01 00:17:54 – Process check started
Internet OK
2025-11-01 00:25:21 – Process check started
Internet OK
2025-11-01 00:27:54 – Process check started
Internet OK
2025-11-01 00:35:21 – Process check started
Internet OK
2025-11-01 00:37:54 – Process check started
Internet OK
2025-11-01 00:45:21 – Process check started
Internet OK
2025-11-01 00:47:54 – Process check started
Internet OK
2025-11-01 00:55:21 – Process check started
Internet OK
2025-11-01 00:57:55 – Process check started
Internet OK
2025-11-01 01:05:21 – Process check started
Internet OK
2025-11-01 01:06:00 – Process check started
Internet OK
2025-11-01 01:07:55 – Process check started
Internet OK
2025-11-01 01:14:24 – Process check started
Internet OK
2025-11-01 01:15:23 – Process check started
Internet OK
2025-11-01 01:17:56 – Process check started
Internet OK
2025-11-01 01:24:26 – Process check started
Internet OK
2025-11-01 01:25:25 – Process check started
Internet OK
2025-11-01 01:27:58 – Process check started
Internet OK
2025-11-01 01:34:27 – Process check started
Internet OK
2025-11-01 01:35:26 – Process check started
Internet OK
2025-11-01 01:37:59 – Process check started
Internet OK
2025-11-01 01:44:29 – Process check started
Internet OK
2025-11-01 01:45:28 – Process check started
Internet OK
2025-11-01 01:48:01 – Process check started
Internet OK
2025-11-01 01:54:31 – Process check started
Internet OK
2025-11-01 01:55:29 – Process check started
No internet
2025-11-01 01:58:02 – Process check started
Internet OK
2025-11-01 02:04:34 – Process check started
Internet OK
2025-11-01 02:05:31 – Process check started
Internet OK
2025-11-01 02:08:04 – Process check started
Internet OK
2025-11-01 02:14:36 – Process check started
Internet OK
2025-11-01 02:15:32 – Process check started
Internet OK
2025-11-01 02:18:06 – Process check started
Internet OK
2025-11-01 02:24:38 – Process check started
Internet OK
2025-11-01 02:25:34 – Process check started
Internet OK
2025-11-01 02:28:09 – Process check started
Internet OK
2025-11-01 02:34:41 – Process check started
Internet OK
2025-11-01 02:35:36 – Process check started
Internet OK
2025-11-01 02:38:11 – Process check started
Internet OK
2025-11-01 02:44:43 – Process check started
Internet OK
2025-11-01 02:45:38 – Process check started
Internet OK
2025-11-01 02:48:12 – Process check started
Internet OK
2025-11-01 02:54:46 – Process check started
Internet OK
2025-11-01 02:55:40 – Process check started
Internet OK
2025-11-01 02:58:14 – Process check started
Internet OK
